<?xml version="1.1" encoding="UTF-8"?>
<testsuite name="restmock.integration.MockHttpErrorsTestCase" tests="5" failures="0" errors="0" timestamp="2013-12-09T17:21:26" hostname="gsuch" time="0.081">
  <properties/>
  <testcase name="returningBadRequestForGETMethod" classname="restmock.integration.MockHttpErrorsTestCase" time="0.063"/>
  <testcase name="returningForbiddenForGETMethod" classname="restmock.integration.MockHttpErrorsTestCase" time="0.004"/>
  <testcase name="returningBadRequestForPOSTMethod" classname="restmock.integration.MockHttpErrorsTestCase" time="0.004"/>
  <testcase name="returningError404" classname="restmock.integration.MockHttpErrorsTestCase" time="0.004"/>
  <testcase name="returningForbiddenForPOSTMethod" classname="restmock.integration.MockHttpErrorsTestCase" time="0.004"/>
  <system-out><![CDATA[]]></system-out>
  <system-err><![CDATA[2013-12-09 15:21:25.986:INFO::Logging to StdErrLog::DEBUG=false via org.eclipse.jetty.util.log.StdErrLog
2013-12-09 15:21:26.324:INFO::jetty-7.1.0.RC0
2013-12-09 15:21:26.363:INFO::Started SelectChannelConnector@0.0.0.0:9080
]]></system-err>
</testsuite>
