<?xml version="1.1" encoding="UTF-8"?>
<testsuite name="restmock.HttpResponseForPOSTMethodTest" tests="1" failures="0" errors="0" timestamp="2013-12-09T17:21:25" hostname="gsuch" time="0.0">
  <properties/>
  <testcase name="testSimpleTextResponse" classname="restmock.HttpResponseForPOSTMethodTest" time="0.0"/>
  <system-out><![CDATA[]]></system-out>
  <system-err><![CDATA[]]></system-err>
</testsuite>
