<?xml version="1.1" encoding="UTF-8"?>
<testsuite name="restmock.integration.WhenGetTestCase" tests="8" failures="0" errors="0" timestamp="2013-12-09T17:21:26" hostname="gsuch" time="0.031">
  <properties/>
  <testcase name="requestXMLObject" classname="restmock.integration.WhenGetTestCase" time="0.006"/>
  <testcase name="requestXML" classname="restmock.integration.WhenGetTestCase" time="0.001"/>
  <testcase name="requestPlainTextGetWithParameters" classname="restmock.integration.WhenGetTestCase" time="0.006"/>
  <testcase name="requestPlainText" classname="restmock.integration.WhenGetTestCase" time="0.002"/>
  <testcase name="requestPlainTextGetWithManyParameters" classname="restmock.integration.WhenGetTestCase" time="0.003"/>
  <testcase name="requestJSONObject" classname="restmock.integration.WhenGetTestCase" time="0.005"/>
  <testcase name="requestHtml" classname="restmock.integration.WhenGetTestCase" time="0.001"/>
  <testcase name="requestJSON" classname="restmock.integration.WhenGetTestCase" time="0.002"/>
  <system-out><![CDATA[]]></system-out>
  <system-err><![CDATA[2013-12-09 15:21:26.674:INFO::jetty-7.1.0.RC0
2013-12-09 15:21:26.675:INFO::Started SelectChannelConnector@0.0.0.0:9080
]]></system-err>
</testsuite>
