<?xml version="1.1" encoding="UTF-8"?>
<testsuite name="restmock.FrontControllerTest" tests="3" failures="0" errors="0" timestamp="2013-12-09T17:21:25" hostname="gsuch" time="0.067">
  <properties/>
  <testcase name="frontControllerShouldAsksRouteManagerAResponseToProcessARequest" classname="restmock.FrontControllerTest" time="0.036"/>
  <testcase name="frontControllerShouldReturn200WhenRouteManagerKnownARoute" classname="restmock.FrontControllerTest" time="0.028"/>
  <testcase name="frontControllerShouldReturn404WhenRouteManagerDontKnownARoute" classname="restmock.FrontControllerTest" time="0.001"/>
  <system-out><![CDATA[]]></system-out>
  <system-err><![CDATA[]]></system-err>
</testsuite>
