<?xml version="1.1" encoding="UTF-8"?>
<testsuite name="restmock.integration.WhenPostTestCase" tests="3" failures="0" errors="0" timestamp="2013-12-09T17:21:26" hostname="gsuch" time="0.008">
  <properties/>
  <testcase name="postWithOneParameter" classname="restmock.integration.WhenPostTestCase" time="0.002"/>
  <testcase name="postWithManyParamters" classname="restmock.integration.WhenPostTestCase" time="0.002"/>
  <testcase name="postWithoutParametersWithPlainTextResponse" classname="restmock.integration.WhenPostTestCase" time="0.002"/>
  <system-out><![CDATA[]]></system-out>
  <system-err><![CDATA[2013-12-09 15:21:26.820:INFO::jetty-7.1.0.RC0
2013-12-09 15:21:26.821:INFO::Started SelectChannelConnector@0.0.0.0:9080
]]></system-err>
</testsuite>
