<?xml version="1.1" encoding="UTF-8"?>
<testsuite name="restmock.utils.ResourceParserTest" tests="2" failures="0" errors="0" timestamp="2013-12-09T17:21:26" hostname="gsuch" time="0.005">
  <properties/>
  <testcase name="simpleParseSample" classname="restmock.utils.ResourceParserTest" time="0.004"/>
  <testcase name="unexistentFile" classname="restmock.utils.ResourceParserTest" time="0.0"/>
  <system-out><![CDATA[]]></system-out>
  <system-err><![CDATA[]]></system-err>
</testsuite>
