<?xml version="1.1" encoding="UTF-8"?>
<testsuite name="restmock.HttpResponseForGETMethodTest" tests="7" failures="0" errors="0" timestamp="2013-12-09T17:21:25" hostname="gsuch" time="0.123">
  <properties/>
  <testcase name="testJSONObjectResponse" classname="restmock.HttpResponseForGETMethodTest" time="0.101"/>
  <testcase name="testHeaderResponse" classname="restmock.HttpResponseForGETMethodTest" time="0.012"/>
  <testcase name="testPlainTextResponse" classname="restmock.HttpResponseForGETMethodTest" time="0.001"/>
  <testcase name="testXMLStringResponse" classname="restmock.HttpResponseForGETMethodTest" time="0.0"/>
  <testcase name="testJSONResponse" classname="restmock.HttpResponseForGETMethodTest" time="0.0"/>
  <testcase name="testXMLObjectResponse" classname="restmock.HttpResponseForGETMethodTest" time="0.006"/>
  <testcase name="testHtmlResponse" classname="restmock.HttpResponseForGETMethodTest" time="0.0"/>
  <system-out><![CDATA[]]></system-out>
  <system-err><![CDATA[]]></system-err>
</testsuite>
